  main.cpp
main.cpp(144): warning C4267: '인수': 'size_t'에서 'int'(으)로 변환하면서 데이터가 손실될 수 있습니다.
main.cpp(145): warning C4267: '인수': 'size_t'에서 'int'(으)로 변환하면서 데이터가 손실될 수 있습니다.
main.cpp(151): warning C4267: '인수': 'size_t'에서 'int'(으)로 변환하면서 데이터가 손실될 수 있습니다.
main.cpp(295): warning C4244: '초기화 중': 'double'에서 'int'(으)로 변환하면서 데이터가 손실될 수 있습니다.
main.cpp(295): warning C4244: '초기화 중': 'double'에서 'const int'(으)로 변환하면서 데이터가 손실될 수 있습니다.
main.cpp(303): warning C4244: '=': 'unsigned long'에서 'float'(으)로 변환하면서 데이터가 손실될 수 있습니다.
main.cpp(306): warning C4267: '=': 'size_t'에서 'int'(으)로 변환하면서 데이터가 손실될 수 있습니다.
main.cpp(354): warning C4267: '=': 'size_t'에서 'int'(으)로 변환하면서 데이터가 손실될 수 있습니다.
main.cpp(497): warning C4267: '초기화 중': 'size_t'에서 'int'(으)로 변환하면서 데이터가 손실될 수 있습니다.
main.cpp(497): warning C4267: '초기화 중': 'size_t'에서 'const int'(으)로 변환하면서 데이터가 손실될 수 있습니다.
main.cpp(570): warning C4267: '초기화 중': 'size_t'에서 'int'(으)로 변환하면서 데이터가 손실될 수 있습니다.
main.cpp(570): warning C4267: '초기화 중': 'size_t'에서 'const int'(으)로 변환하면서 데이터가 손실될 수 있습니다.
main.cpp(645): warning C4267: '초기화 중': 'size_t'에서 'int'(으)로 변환하면서 데이터가 손실될 수 있습니다.
main.cpp(645): warning C4267: '초기화 중': 'size_t'에서 'const int'(으)로 변환하면서 데이터가 손실될 수 있습니다.
main.cpp(706): warning C4244: '초기화 중': 'float'에서 'int'(으)로 변환하면서 데이터가 손실될 수 있습니다.
main.cpp(706): warning C4244: '초기화 중': 'float'에서 'const int'(으)로 변환하면서 데이터가 손실될 수 있습니다.
main.cpp(707): warning C4244: '초기화 중': 'float'에서 'int'(으)로 변환하면서 데이터가 손실될 수 있습니다.
main.cpp(707): warning C4244: '초기화 중': 'float'에서 'const int'(으)로 변환하면서 데이터가 손실될 수 있습니다.
main.cpp(814): warning C4267: '=': 'size_t'에서 'int'(으)로 변환하면서 데이터가 손실될 수 있습니다.
  코드를 생성하고 있습니다.
  All 1197 functions were compiled because no usable IPDB/IOBJ from previous compilation was found.
  코드를 생성했습니다.
  yolo_mark.vcxproj -> D:\대학원\텐서플로우\YOLO\Yolo_mark-master\x64\Release\yolo_mark.exe
  yolo_mark.vcxproj -> D:\대학원\텐서플로우\YOLO\Yolo_mark-master\x64\Release\yolo_mark.pdb (Full PDB)
